0 info it worked if it ends with ok
1 verbose cli [ 'C:\\Program Files\\nodejs\\\\node.exe',
1 verbose cli   'C:\\Program Files\\nodejs\\node_modules\\npm\\bin\\npm-cli.js',
1 verbose cli   'install',
1 verbose cli   '-g',
1 verbose cli   '.\\monitor-tool.zip' ]
2 info using npm@1.1.61
3 info using node@v0.8.9
4 verbose node symlink C:\Program Files\nodejs\\node.exe
5 verbose read json C:\Users\Yanush\AppData\Roaming\npm\package.json
6 verbose read json C:\Users\Yanush\AppData\Roaming\npm\package.json
7 verbose cache add [ '.\\monitor-tool.zip', null ]
8 silly cache add name=undefined spec=".\\monitor-tool.zip" args=[".\\monitor-tool.zip",null]
9 verbose parsed url { pathname: '.\\monitor-tool.zip',
9 verbose parsed url   path: '.\\monitor-tool.zip',
9 verbose parsed url   href: '.\\monitor-tool.zip' }
10 silly lockFile ff39be17-monitor-tool-zip .\monitor-tool.zip
11 verbose lock .\monitor-tool.zip C:\Users\Yanush\AppData\Roaming\npm-cache\ff39be17-monitor-tool-zip.lock
12 verbose chmod C:\Users\Yanush\AppData\Local\Temp\npm-9440\1359571216362-0.6854531017597765\tmp.tgz 644
13 verbose tar unpack C:\Users\Yanush\AppData\Local\Temp\npm-9440\1359571216362-0.6854531017597765\tmp.tgz
14 silly lockFile 503cdc29-16362-0-6854531017597765-package C:\Users\Yanush\AppData\Local\Temp\npm-9440\1359571216362-0.6854531017597765\package
15 verbose lock C:\Users\Yanush\AppData\Local\Temp\npm-9440\1359571216362-0.6854531017597765\package C:\Users\Yanush\AppData\Roaming\npm-cache\503cdc29-16362-0-6854531017597765-package.lock
16 silly gunzTarPerm modes [ '755', '644' ]
17 verbose read json C:\Users\Yanush\AppData\Local\Temp\npm-9440\1359571216362-0.6854531017597765\package\package.json
18 error not a package C:\Users\Yanush\AppData\Local\Temp\npm-9440\1359571216362-0.6854531017597765\tmp.tgz
19 silly lockFile 503cdc29-16362-0-6854531017597765-package C:\Users\Yanush\AppData\Local\Temp\npm-9440\1359571216362-0.6854531017597765\package
20 silly lockFile ff39be17-monitor-tool-zip .\monitor-tool.zip
21 error addLocal Could not install .\monitor-tool.zip
22 error Error: ENOENT, open 'C:\Users\Yanush\AppData\Local\Temp\npm-9440\1359571216362-0.6854531017597765\package\package.json'
23 error If you need help, you may report this log at:
23 error     <http://github.com/isaacs/npm/issues>
23 error or email it to:
23 error     <npm-@googlegroups.com>
24 error System Windows_NT 6.1.7601
25 error command "C:\\Program Files\\nodejs\\\\node.exe" "C:\\Program Files\\nodejs\\node_modules\\npm\\bin\\npm-cli.js" "install" "-g" ".\\monitor-tool.zip"
26 error cwd X:\workspaces\nodejs\monitor-tool
27 error node -v v0.8.9
28 error npm -v 1.1.61
29 error path C:\Users\Yanush\AppData\Local\Temp\npm-9440\1359571216362-0.6854531017597765\package\package.json
30 error code ENOENT
31 error errno 34
32 verbose exit [ 34, true ]
